C:\Users\jbcamaret\source\repos\BlogInfo.API\BlogInfo.API\webapp\dist\out-tsc\src\app\models\blog.model.js
C:\Users\jbcamaret\source\repos\BlogInfo.API\BlogInfo.API\webapp\dist\out-tsc\src\app\models\blog.model.js.map
C:\Users\jbcamaret\source\repos\BlogInfo.API\BlogInfo.API\webapp\dist\out-tsc\src\app\Helpers\ErrorHandler.js
C:\Users\jbcamaret\source\repos\BlogInfo.API\BlogInfo.API\webapp\dist\out-tsc\src\app\Helpers\ErrorHandler.js.map
C:\Users\jbcamaret\source\repos\BlogInfo.API\BlogInfo.API\webapp\dist\out-tsc\src\app\services\blogpost.service.js
C:\Users\jbcamaret\source\repos\BlogInfo.API\BlogInfo.API\webapp\dist\out-tsc\src\app\services\blogpost.service.js.map
C:\Users\jbcamaret\source\repos\BlogInfo.API\BlogInfo.API\webapp\dist\out-tsc\src\app\models\user.model.js
C:\Users\jbcamaret\source\repos\BlogInfo.API\BlogInfo.API\webapp\dist\out-tsc\src\app\models\user.model.js.map
C:\Users\jbcamaret\source\repos\BlogInfo.API\BlogInfo.API\webapp\dist\out-tsc\src\app\services\authentication.service.js
C:\Users\jbcamaret\source\repos\BlogInfo.API\BlogInfo.API\webapp\dist\out-tsc\src\app\services\authentication.service.js.map
C:\Users\jbcamaret\source\repos\BlogInfo.API\BlogInfo.API\webapp\dist\out-tsc\src\app\app.component.js
C:\Users\jbcamaret\source\repos\BlogInfo.API\BlogInfo.API\webapp\dist\out-tsc\src\app\app.component.js.map
C:\Users\jbcamaret\source\repos\BlogInfo.API\BlogInfo.API\webapp\dist\out-tsc\src\app\post-list\post-list.component.js
C:\Users\jbcamaret\source\repos\BlogInfo.API\BlogInfo.API\webapp\dist\out-tsc\src\app\post-list\post-list.component.js.map
C:\Users\jbcamaret\source\repos\BlogInfo.API\BlogInfo.API\webapp\dist\out-tsc\src\app\auth\auth.component.js
C:\Users\jbcamaret\source\repos\BlogInfo.API\BlogInfo.API\webapp\dist\out-tsc\src\app\auth\auth.component.js.map
C:\Users\jbcamaret\source\repos\BlogInfo.API\BlogInfo.API\webapp\dist\out-tsc\src\app\post-list-item\post-list-item.component.js
C:\Users\jbcamaret\source\repos\BlogInfo.API\BlogInfo.API\webapp\dist\out-tsc\src\app\post-list-item\post-list-item.component.js.map
C:\Users\jbcamaret\source\repos\BlogInfo.API\BlogInfo.API\webapp\dist\out-tsc\src\app\blog-view\blog-view.component.js
C:\Users\jbcamaret\source\repos\BlogInfo.API\BlogInfo.API\webapp\dist\out-tsc\src\app\blog-view\blog-view.component.js.map
C:\Users\jbcamaret\source\repos\BlogInfo.API\BlogInfo.API\webapp\dist\out-tsc\src\app\new-post\new-post.component.js
C:\Users\jbcamaret\source\repos\BlogInfo.API\BlogInfo.API\webapp\dist\out-tsc\src\app\new-post\new-post.component.js.map
C:\Users\jbcamaret\source\repos\BlogInfo.API\BlogInfo.API\webapp\dist\out-tsc\src\app\app.module.js
C:\Users\jbcamaret\source\repos\BlogInfo.API\BlogInfo.API\webapp\dist\out-tsc\src\app\app.module.js.map
C:\Users\jbcamaret\source\repos\BlogInfo.API\BlogInfo.API\webapp\dist\out-tsc\src\environments\environment.js
C:\Users\jbcamaret\source\repos\BlogInfo.API\BlogInfo.API\webapp\dist\out-tsc\src\environments\environment.js.map
C:\Users\jbcamaret\source\repos\BlogInfo.API\BlogInfo.API\webapp\dist\out-tsc\src\main.js
C:\Users\jbcamaret\source\repos\BlogInfo.API\BlogInfo.API\webapp\dist\out-tsc\src\main.js.map
C:\Users\jbcamaret\source\repos\BlogInfo.API\BlogInfo.API\webapp\dist\out-tsc\src\polyfills.js
C:\Users\jbcamaret\source\repos\BlogInfo.API\BlogInfo.API\webapp\dist\out-tsc\src\polyfills.js.map
C:\Users\jbcamaret\source\repos\BlogInfo.API\BlogInfo.API\webapp\dist\out-tsc\src\test.js
C:\Users\jbcamaret\source\repos\BlogInfo.API\BlogInfo.API\webapp\dist\out-tsc\src\test.js.map
C:\Users\jbcamaret\source\repos\BlogInfo.API\BlogInfo.API\webapp\dist\out-tsc\e2e\src\app.po.js
C:\Users\jbcamaret\source\repos\BlogInfo.API\BlogInfo.API\webapp\dist\out-tsc\e2e\src\app.po.js.map
C:\Users\jbcamaret\source\repos\BlogInfo.API\BlogInfo.API\webapp\dist\out-tsc\e2e\src\app.e2e-spec.js
C:\Users\jbcamaret\source\repos\BlogInfo.API\BlogInfo.API\webapp\dist\out-tsc\e2e\src\app.e2e-spec.js.map
C:\Users\jbcamaret\source\repos\BlogInfo.API\BlogInfo.API\webapp\dist\out-tsc\src\environments\environment.prod.js
C:\Users\jbcamaret\source\repos\BlogInfo.API\BlogInfo.API\webapp\dist\out-tsc\src\environments\environment.prod.js.map
C:\Users\jbcamaret\source\repos\BlogInfo.API\BlogInfo.API\webapp\dist\out-tsc\src\app\auth\auth.component.spec.js
C:\Users\jbcamaret\source\repos\BlogInfo.API\BlogInfo.API\webapp\dist\out-tsc\src\app\auth\auth.component.spec.js.map
C:\Users\jbcamaret\source\repos\BlogInfo.API\BlogInfo.API\webapp\dist\out-tsc\src\app\blog-view\blog-view.component.spec.js
C:\Users\jbcamaret\source\repos\BlogInfo.API\BlogInfo.API\webapp\dist\out-tsc\src\app\blog-view\blog-view.component.spec.js.map
C:\Users\jbcamaret\source\repos\BlogInfo.API\BlogInfo.API\webapp\dist\out-tsc\src\app\post-list\post-list.component.spec.js
C:\Users\jbcamaret\source\repos\BlogInfo.API\BlogInfo.API\webapp\dist\out-tsc\src\app\post-list\post-list.component.spec.js.map
C:\Users\jbcamaret\source\repos\BlogInfo.API\BlogInfo.API\webapp\dist\out-tsc\src\app\post-list-item\post-list-item.component.spec.js
C:\Users\jbcamaret\source\repos\BlogInfo.API\BlogInfo.API\webapp\dist\out-tsc\src\app\post-list-item\post-list-item.component.spec.js.map
