C:\Users\jbcamaret\source\repos\BlogInfo.API\BlogInfo.API\dist\out-tsc\environments\environment.js
C:\Users\jbcamaret\source\repos\BlogInfo.API\BlogInfo.API\dist\out-tsc\environments\environment.js.map
C:\Users\jbcamaret\source\repos\BlogInfo.API\BlogInfo.API\dist\out-tsc\app\app.component.js
C:\Users\jbcamaret\source\repos\BlogInfo.API\BlogInfo.API\dist\out-tsc\app\app.component.js.map
C:\Users\jbcamaret\source\repos\BlogInfo.API\BlogInfo.API\dist\out-tsc\app\post-list\post-list.component.js
C:\Users\jbcamaret\source\repos\BlogInfo.API\BlogInfo.API\dist\out-tsc\app\post-list\post-list.component.js.map
C:\Users\jbcamaret\source\repos\BlogInfo.API\BlogInfo.API\dist\out-tsc\app\post-list-item\post-list-item.component.js
C:\Users\jbcamaret\source\repos\BlogInfo.API\BlogInfo.API\dist\out-tsc\app\post-list-item\post-list-item.component.js.map
C:\Users\jbcamaret\source\repos\BlogInfo.API\BlogInfo.API\dist\out-tsc\app\app.module.js
C:\Users\jbcamaret\source\repos\BlogInfo.API\BlogInfo.API\dist\out-tsc\app\app.module.js.map
C:\Users\jbcamaret\source\repos\BlogInfo.API\BlogInfo.API\dist\out-tsc\main.js
C:\Users\jbcamaret\source\repos\BlogInfo.API\BlogInfo.API\dist\out-tsc\main.js.map
C:\Users\jbcamaret\source\repos\BlogInfo.API\BlogInfo.API\dist\out-tsc\polyfills.js
C:\Users\jbcamaret\source\repos\BlogInfo.API\BlogInfo.API\dist\out-tsc\polyfills.js.map
C:\Users\jbcamaret\source\repos\BlogInfo.API\BlogInfo.API\dist\out-tsc\test.js
C:\Users\jbcamaret\source\repos\BlogInfo.API\BlogInfo.API\dist\out-tsc\test.js.map
C:\Users\jbcamaret\source\repos\BlogInfo.API\BlogInfo.API\dist\out-tsc\app\app.component.spec.js
C:\Users\jbcamaret\source\repos\BlogInfo.API\BlogInfo.API\dist\out-tsc\app\app.component.spec.js.map
C:\Users\jbcamaret\source\repos\BlogInfo.API\BlogInfo.API\dist\out-tsc\environments\environment.prod.js
C:\Users\jbcamaret\source\repos\BlogInfo.API\BlogInfo.API\dist\out-tsc\environments\environment.prod.js.map
C:\Users\jbcamaret\source\repos\BlogInfo.API\BlogInfo.API\dist\out-tsc\app\post-list\post-list.component.spec.js
C:\Users\jbcamaret\source\repos\BlogInfo.API\BlogInfo.API\dist\out-tsc\app\post-list\post-list.component.spec.js.map
C:\Users\jbcamaret\source\repos\BlogInfo.API\BlogInfo.API\dist\out-tsc\app\post-list-item\post-list-item.component.spec.js
C:\Users\jbcamaret\source\repos\BlogInfo.API\BlogInfo.API\dist\out-tsc\app\post-list-item\post-list-item.component.spec.js.map
